<?xml version="1.0" encoding="UTF-8"?>
<!-- Generated by org.testng.reporters.JUnitReportReporter -->
<testsuite skipped="0" hostname="TYSS-4F-056" name="extent.ExtentReport" tests="1" failures="0" timestamp="04 Jan 2019 11:01:15 GMT" time="4.003" errors="0">
  <testcase name="testcase2" time="4.003" classname="extent.ExtentReport"/>
</testsuite> <!-- extent.ExtentReport -->
