<?xml version="1.0" encoding="UTF-8"?>
<!-- Generated by org.testng.reporters.JUnitReportReporter -->
<testsuite skipped="0" hostname="TYSS-4F-056" name="extent.ExtentReportWithScreenShot" tests="1" failures="0" timestamp="07 Jan 2019 06:36:56 GMT" time="4.225" errors="0">
  <testcase name="testcase" time="4.225" classname="extent.ExtentReportWithScreenShot"/>
</testsuite> <!-- extent.ExtentReportWithScreenShot -->
